
Error
Traceback (most recent call last):
  File "C:\Github\PS3\tests\test_azure.py", line 15, in test_linux_compute
    menu = azure.get_compute()
  File "C:\Github\PS3\src\azure\azure_compute.py", line 44, in get_compute
    menu = self.azure_factory.get_compute()
  File "C:\Github\PS3\src\azure\azure_compute.py", line 16, in get_compute
    scr.scrap_all()
  File "C:\Github\PS3\src\azure\azure_compute_scrapper.py", line 47, in scrap_all
    self.put_text_from_page('D2v3_incl_storage', self.D2v3_storage, self.StoragePattern)
  File "C:\Github\PS3\src\new_core\page_scrapper_base.py", line 29, in put_text_from_page
    self._assert_format(key, expected_regex, text)
  File "C:\Github\PS3\src\new_core\page_scrapper_base.py", line 55, in _assert_format
    raise ScrappingException(message=f'Data for key <{key}> is expected to match <{exp_reg}>, '
core.exceptions.ScrappingException: ScrappingFailedException: Data for key <D2v3_incl_storage> is expected to match <^\d+\s+GiB$>, but having: <N/A>

